LG	1A06-308	0	1A06-308	-=+unique+=-
LG	1A12-165<N>	1	1A12-165<N>	-=+unique+=-
LG	M1670	2	M1670	-=+unique+=-
LG	1A12-173<N>	3	1A12-173<N>	-=+unique+=-
LG	E35/M59-F-458	4	E35/M59-F-458	-=+unique+=-
LG	LE0456	5	LE0456	-=+unique+=-
LG	LE0188B	6	LE0188B	-=+unique+=-
LG	Contig427-1	7	Contig427-1	-=+unique+=-
LG	LE9038	8	LE9038	-=+unique+=-
LG	E45/M49-F-153	9	E45/M49-F-153	-=+unique+=-
LG	QGG16P08-1	10	QGG16P08-1	-=+unique+=-
LG	Contig15211-2	11	Contig15211-2	-=+unique+=-
LG	Contig2669-1	12	Contig2669-1	-=+master+=-
LG	QGF9F09-3	12	Contig2669-1	 -- dupl -- 
LG	Contig2959-4	12	Contig2669-1	 -- dupl -- 
LG	Contig13702-1	13	Contig13702-1	-=+master+=-
LG	QGC18F20-2	13	Contig13702-1	 -- dupl -- 
LG	Contig6762-3	13	Contig13702-1	 -- dupl -- 
LG	Contig6208-1	14	Contig6208-1	-=+unique+=-
LG	E45/M48-F-095	15	E45/M48-F-095	-=+unique+=-
LG	1A12-217<N>	16	1A12-217<N>	-=+unique+=-
LG	1A21-208	17	1A21-208	-=+unique+=-
LG	E35/M48-F-158	18	E35/M48-F-158	-=+unique+=-
LG	E45/M48-F-399	19	E45/M48-F-399	-=+unique+=-
LG	LE0312	20	LE0312	-=+unique+=-
LG	E45/M49-F-240	21	E45/M49-F-240	-=+unique+=-
LG	LE0103	22	LE0103	-=+master+=-
LG	LE0469	22	LE0103	 -- dupl -- 
LG	LK1327	23	LK1327	-=+unique+=-
LG	E44/M49-F-140	24	E44/M49-F-140	-=+unique+=-
LG	E35/M59-F-096	25	E35/M59-F-096	-=+unique+=-
LG	LE3066	26	LE3066	-=+unique+=-
LG	E35/M59-F-425	27	E35/M59-F-425	-=+unique+=-
LG	1A15-167<N>	28	1A15-167<N>	-=+unique+=-
LG	LE0494A	29	LE0494A	-=+unique+=-
LG	LE0436	30	LE0436	-=+unique+=-
LG	LE0491B	31	LE0491B	-=+unique+=-
LG	QGD13P19-1	32	QGD13P19-1	-=+unique+=-
LG	LE0451	33	LE0451	-=+unique+=-
LG	LSRGCAC08-29	34	LSRGCAC08-29	-=+unique+=-
LG	1A02-171	35	1A02-171	-=+unique+=-
LG	LK1208	36	LK1208	-=+unique+=-
LG	E35/M59-F-436	37	E35/M59-F-436	-=+unique+=-
LG	E35/M48-F-391<N>	38	E35/M48-F-391<N>	-=+unique+=-
LG	LE0360	39	LE0360	-=+unique+=-
LG	E45/M48-F-116	40	E45/M48-F-116	-=+unique+=-
LG	E51/M49-F-348	41	E51/M49-F-348	-=+unique+=-
LG	E35/M59-F-247	42	E35/M59-F-247	-=+unique+=-
LG	E54/M48-F-307	43	E54/M48-F-307	-=+unique+=-
LG	LE0295	44	LE0295	-=+unique+=-
LG	E35/M60-F-155	45	E35/M60-F-155	-=+unique+=-
LG	LE0188A	46	LE0188A	-=+unique+=-
LG	1A09-134<N>	47	1A09-134<N>	-=+unique+=-
LG	LE1344	48	LE1344	-=+unique+=-
LG	1A03-214	49	1A03-214	-=+unique+=-
LG	LE4104	50	LE4104	-=+unique+=-
LG	LE3188	51	LE3188	-=+unique+=-
LG	E35/M60-F-157	52	E35/M60-F-157	-=+unique+=-
LG	E35/M49-F-252	53	E35/M49-F-252	-=+unique+=-
LG	E35/M49-F-130	54	E35/M49-F-130	-=+unique+=-
LG	1A18-075<N>	55	1A18-075<N>	-=+unique+=-
LG	1A12-270<N>	56	1A12-270<N>	-=+unique+=-
LG	1A03-485	57	1A03-485	-=+unique+=-
LG	E35/M59-F-119	58	E35/M59-F-119	-=+unique+=-
LG	E35/M48-F-371	59	E35/M48-F-371	-=+unique+=-
LG	M4990	60	M4990	-=+unique+=-
LG	1A02-164	61	1A02-164	-=+unique+=-
LG	E45/M49-F-379	62	E45/M49-F-379	-=+unique+=-
LG	LE9324	63	LE9324	-=+unique+=-
LG	E35/M59-F-151	64	E35/M59-F-151	-=+unique+=-
LG	E35/M59-F-099	65	E35/M59-F-099	-=+unique+=-
LG	1A01-195	66	1A01-195	-=+unique+=-
LG	E44/M49-F-175	67	E44/M49-F-175	-=+unique+=-
LG	E44/M49-F-184	68	E44/M49-F-184	-=+unique+=-
LG	LE9017	69	LE9017	-=+unique+=-
LG	E35/M59-F-339	70	E35/M59-F-339	-=+unique+=-
LG	LE0162	71	LE0162	-=+unique+=-
LG	LK1330	72	LK1330	-=+unique+=-
LG	LE0277	73	LE0277	-=+unique+=-
LG	E35/M59-F-204	74	E35/M59-F-204	-=+unique+=-
LG	1A02-104	75	1A02-104	-=+unique+=-
LG	E35/M60-F-159	76	E35/M60-F-159	-=+unique+=-
LG	CLSX2102-1	77	CLSX2102-1	-=+unique+=-
LG	Contig6010-1	78	Contig6010-1	-=+unique+=-
LG	LE7017	79	LE7017	-=+unique+=-
LG	LK1075	80	LK1075	-=+unique+=-
LG	LK1089	81	LK1089	-=+unique+=-
LG	LE0226	82	LE0226	-=+unique+=-
LG	E51/M49-F-206	83	E51/M49-F-206	-=+unique+=-
LG	E54/M48-F-224	84	E54/M48-F-224	-=+unique+=-
LG	1A15-399<N>	85	1A15-399<N>	-=+unique+=-
LG	1A08-117	86	1A08-117	-=+unique+=-
LG	LE3155	87	LE3155	-=+unique+=-
LG	E45/M48-F-079	88	E45/M48-F-079	-=+unique+=-
LG	E35/M49-F-141	89	E35/M49-F-141	-=+unique+=-
LG	1A02-090	90	1A02-090	-=+unique+=-
LG	LE3258	91	LE3258	-=+unique+=-
LG	E35/M60-F-109	92	E35/M60-F-109	-=+unique+=-
LG	LE3153	93	LE3153	-=+unique+=-
LG	E35/M59-F-122	94	E35/M59-F-122	-=+unique+=-
LG	LE7043	95	LE7043	-=+unique+=-
LG	LK1090	96	LK1090	-=+unique+=-
LG	LE4245	97	LE4245	-=+unique+=-
LG	LE0403	98	LE0403	-=+unique+=-
LG	LE3059	99	LE3059	-=+unique+=-
LG	Contig10810-6	100	Contig10810-6	-=+master+=-
LG	Contig14206-1	100	Contig10810-6	 -- dupl -- 
LG	Contig12870-1	100	Contig10810-6	 -- dupl -- 
LG	1A10-103	101	1A10-103	-=+unique+=-
LG	1A01-160	102	1A01-160	-=+unique+=-
LG	E45/M48-F-154<N>	103	E45/M48-F-154<N>	-=+unique+=-
LG	1A02-232	104	1A02-232	-=+unique+=-
LG	Contig12264-8	105	Contig12264-8	-=+unique+=-
LG	1A02-231	106	1A02-231	-=+unique+=-
LG	E38/M54-F-169<N>	107	E38/M54-F-169<N>	-=+unique+=-
LG	E38/M54-F-075	108	E38/M54-F-075	-=+unique+=-
LG	1A20-169	109	1A20-169	-=+unique+=-
LG	E44/M49-F-556	110	E44/M49-F-556	-=+unique+=-
LG	E38/M54-F-050	111	E38/M54-F-050	-=+unique+=-
LG	E38/M54-F-236	112	E38/M54-F-236	-=+unique+=-
LG	Contig5158-1	113	Contig5158-1	-=+unique+=-
LG	1A01-260<N>	114	1A01-260<N>	-=+unique+=-
LG	1A12-515<N>	115	1A12-515<N>	-=+unique+=-
LG	E38/M54-F-215	116	E38/M54-F-215	-=+unique+=-
LG	LK1077	117	LK1077	-=+unique+=-
LG	1A12-098<N>	118	1A12-098<N>	-=+unique+=-
LG	LE1169	119	LE1169	-=+unique+=-
LG	1A02-175	120	1A02-175	-=+unique+=-
LG	1A06-222	121	1A06-222	-=+unique+=-
LG	E51/M49-F-432	122	E51/M49-F-432	-=+unique+=-
LG	E44/M48-F-263	123	E44/M48-F-263	-=+unique+=-
LG	E38/M54-F-149	124	E38/M54-F-149	-=+unique+=-
LG	LK1104	125	LK1104	-=+unique+=-
LG	LE0269	126	LE0269	-=+unique+=-
LG	Contig12430-2	127	Contig12430-2	-=+unique+=-
LG	L1722	128	L1722	-=+unique+=-
LG	E44/M49-F-073	129	E44/M49-F-073	-=+unique+=-
LG	1A21-092	130	1A21-092	-=+unique+=-
LG	CLSY5163-5	131	CLSY5163-5	-=+unique+=-
LG	Contig15204-1	132	Contig15204-1	-=+master+=-
LG	Contig6910-4	132	Contig15204-1	 -- dupl -- 
LG	1A15-143<N>	133	1A15-143<N>	-=+unique+=-
LG	E35/M60-F-054	134	E35/M60-F-054	-=+unique+=-
LG	E51/M49-F-055<N>	135	E51/M49-F-055<N>	-=+unique+=-
LG	Contig6962-1	136	Contig6962-1	-=+unique+=-
LG	Contig6092-1	137	Contig6092-1	-=+unique+=-
LG	Contig15687-2	138	Contig15687-2	-=+unique+=-
LG	Contig9497-2	139	Contig9497-2	-=+unique+=-
LG	LE0205	140	LE0205	-=+unique+=-
LG	LE0196	141	LE0196	-=+master+=-
LG	LE0237	141	LE0196	 -- dupl -- 
LG	LE9030	142	LE9030	-=+unique+=-
LG	1A15-206<N>	143	1A15-206<N>	-=+unique+=-
LG	1A12-330<N>	144	1A12-330<N>	-=+unique+=-
LG	LK1300	145	LK1300	-=+unique+=-
LG	1A09-075	146	1A09-075	-=+unique+=-
LG	1A10-402<N>	147	1A10-402<N>	-=+unique+=-
LG	1A18-088<N>	148	1A18-088<N>	-=+unique+=-
LG	1A12-333<N>	149	1A12-333<N>	-=+unique+=-
LG	E33/M59-F-125	150	E33/M59-F-125	-=+unique+=-
LG	1A09-245	151	1A09-245	-=+unique+=-
LG	1A15-087	152	1A15-087	-=+unique+=-
LG	LE0051	153	LE0051	-=+unique+=-
LG	E38/M54-F-097	154	E38/M54-F-097	-=+unique+=-
LG	LE0134B	155	LE0134B	-=+unique+=-
LG	E44/M49-F-246	156	E44/M49-F-246	-=+unique+=-
LG	E35/M59-F-195	157	E35/M59-F-195	-=+unique+=-
LG	E45/M48-F-200	158	E45/M48-F-200	-=+unique+=-
LG	E38/M54-F-164	159	E38/M54-F-164	-=+unique+=-
LG	Contig14773-1	160	Contig14773-1	-=+unique+=-
LG	QGF17L05-9	161	QGF17L05-9	-=+unique+=-
LG	LE3215	162	LE3215	-=+unique+=-
LG	E33/M59-F-083	163	E33/M59-F-083	-=+unique+=-
LG	LE0378	164	LE0378	-=+unique+=-
LG	1A10-092	165	1A10-092	-=+unique+=-
LG	LE0316	166	LE0316	-=+unique+=-
LG	LE0398	167	LE0398	-=+unique+=-
LG	E35/M59-F-217	168	E35/M59-F-217	-=+unique+=-
LG	E38/M54-F-157	169	E38/M54-F-157	-=+unique+=-
LG	Contig13566-1	170	Contig13566-1	-=+unique+=-
LG	E45/M48-F-098<N>	171	E45/M48-F-098<N>	-=+unique+=-
LG	1A21-273	172	1A21-273	-=+unique+=-
LG	L2219	173	L2219	-=+unique+=-
LG	1A08-200	174	1A08-200	-=+unique+=-
LG	E33/M59-F-081	175	E33/M59-F-081	-=+unique+=-
LG	LE3108	176	LE3108	-=+unique+=-
LG	E44/M49-F-475	177	E44/M49-F-475	-=+unique+=-
LG	E35/M59-F-103	178	E35/M59-F-103	-=+unique+=-
LG	LE6001	179	LE6001	-=+unique+=-
LG	LE3250	180	LE3250	-=+unique+=-
LG	QGB25B18-1	181	QGB25B18-1	-=+unique+=-
LG	1A09-171	182	1A09-171	-=+unique+=-
LG	LE1054	183	LE1054	-=+unique+=-
LG	Contig374-3	184	Contig374-3	-=+unique+=-
LG	1A21-140	185	1A21-140	-=+unique+=-
LG	E35/M48-F-183	186	E35/M48-F-183	-=+unique+=-
LG	LE3085	187	LE3085	-=+unique+=-
LG	1A09-410<N>	188	1A09-410<N>	-=+unique+=-
LG	E38/M54-F-142	189	E38/M54-F-142	-=+unique+=-
LG	1A10-534<N>	190	1A10-534<N>	-=+unique+=-
LG	LK1021	191	LK1021	-=+unique+=-
LG	1A03-076	192	1A03-076	-=+unique+=-
LG	E38/M54-F-269	193	E38/M54-F-269	-=+unique+=-
LG	1A09-217	194	1A09-217	-=+unique+=-
LG	1A03-078<N>	195	1A03-078<N>	-=+unique+=-
LG	LE1147	196	LE1147	-=+unique+=-
LG	LE1368	197	LE1368	-=+unique+=-
LG	E35/M49-F-209	198	E35/M49-F-209	-=+unique+=-
LG	E35/M60-F-361	199	E35/M60-F-361	-=+unique+=-
LG	1A15-512<N>	200	1A15-512<N>	-=+unique+=-
LG	LE9042	201	LE9042	-=+unique+=-
LG	QGD05O22-4	202	QGD05O22-4	-=+unique+=-
LG	E51/M49-F-109	203	E51/M49-F-109	-=+unique+=-
LG	LE0388	204	LE0388	-=+unique+=-
LG	E44/M48-F-331	205	E44/M48-F-331	-=+unique+=-
LG	1A08-271	206	1A08-271	-=+unique+=-
LG	1A06-111	207	1A06-111	-=+unique+=-
LG	E35/M49-F-267<N>	208	E35/M49-F-267<N>	-=+unique+=-
LG	1A12-121<N>	209	1A12-121<N>	-=+unique+=-
LG	1A10-475<N>	210	1A10-475<N>	-=+unique+=-
LG	1A10-295<N>	211	1A10-295<N>	-=+unique+=-
LG	CLSY3114-3	212	CLSY3114-3	-=+unique+=-
LG	LE1123	213	LE1123	-=+unique+=-
LG	LE4134	214	LE4134	-=+unique+=-
LG	LK1471	215	LK1471	-=+unique+=-
LG	1A04-183	216	1A04-183	-=+unique+=-
LG	1A03-117	217	1A03-117	-=+unique+=-
LG	1A02-169	218	1A02-169	-=+unique+=-
LG	1A06-169	219	1A06-169	-=+unique+=-
LG	LE0248	220	LE0248	-=+unique+=-
LG	E35/M48-F-400	221	E35/M48-F-400	-=+unique+=-
LG	E45/M49-F-421	222	E45/M49-F-421	-=+unique+=-
LG	1A17-124<N>	223	1A17-124<N>	-=+unique+=-
LG	1A03-312	224	1A03-312	-=+unique+=-
LG	1A10-586	225	1A10-586	-=+unique+=-
LG	E38/M54-F-445	226	E38/M54-F-445	-=+unique+=-
LG	LM0049	227	LM0049	-=+unique+=-
LG	E51/M49-F-482	228	E51/M49-F-482	-=+unique+=-
LG	1A20-124	229	1A20-124	-=+unique+=-
LG	1A13-509<N>	230	1A13-509<N>	-=+unique+=-
LG	LE0387	231	LE0387	-=+unique+=-
LG	Contig1173-9	232	Contig1173-9	-=+unique+=-
LG	Contig12906-5	233	Contig12906-5	-=+unique+=-
LG	Contig1517-1	234	Contig1517-1	-=+unique+=-
LG	L2188-2	235	L2188-2	-=+unique+=-
LG	LK1095	236	LK1095	-=+unique+=-
LG	1A10-166<N>	237	1A10-166<N>	-=+unique+=-
LG	LK1388	238	LK1388	-=+unique+=-
LG	1A09-289	239	1A09-289	-=+unique+=-
LG	1A17-376<N>	240	1A17-376<N>	-=+unique+=-
LG	LK1083	241	LK1083	-=+unique+=-
LG	Contig14099-6	242	Contig14099-6	-=+unique+=-
LG	Contig357-9	243	Contig357-9	-=+unique+=-
LG	LK1127	244	LK1127	-=+unique+=-
LG	LE0266	245	LE0266	-=+unique+=-
LG	LE0206	246	LE0206	-=+unique+=-
LG	LE1188	247	LE1188	-=+unique+=-
LG	LE0414	248	LE0414	-=+unique+=-
LG	LM0033	249	LM0033	-=+unique+=-
LG	E35/M59-F-530	250	E35/M59-F-530	-=+unique+=-
LG	E44/M48-F-148	251	E44/M48-F-148	-=+unique+=-
LG	1A02-121<N>	252	1A02-121<N>	-=+unique+=-
LG	1A01-275	253	1A01-275	-=+unique+=-
LG	1A01-272	254	1A01-272	-=+unique+=-
LG	LE3015	255	LE3015	-=+unique+=-
LG	LE0395	256	LE0395	-=+unique+=-
LG	LE0007	257	LE0007	-=+unique+=-
LG	LE0349	258	LE0349	-=+unique+=-
LG	LK0025	259	LK0025	-=+unique+=-
LG	LE0134D	260	LE0134D	-=+unique+=-
LG	QGG21B18-4	261	QGG21B18-4	-=+master+=-
LG	QGJ12P21-9	261	QGG21B18-4	 -- dupl -- 
LG	LK1056	262	LK1056	-=+unique+=-
LG	LE0338	263	LE0338	-=+unique+=-
LG	LE0138	264	LE0138	-=+unique+=-
LG	LK1073	265	LK1073	-=+unique+=-
LG	E33/M59-F-216	266	E33/M59-F-216	-=+unique+=-
LG	LE9052	267	LE9052	-=+unique+=-
LG	LK1511	268	LK1511	-=+unique+=-
LG	1A17-186<N>	269	1A17-186<N>	-=+unique+=-
LG	E35/M48-F-049<N>	270	E35/M48-F-049<N>	-=+unique+=-
LG	1A10-422<N>	271	1A10-422<N>	-=+unique+=-
LG	E51/M49-F-474<N>	272	E51/M49-F-474<N>	-=+unique+=-
LG	1A09-082	273	1A09-082	-=+unique+=-
LG	E38/M54-F-255	274	E38/M54-F-255	-=+unique+=-
LG	LE1152	275	LE1152	-=+unique+=-
LG	1A02-086	276	1A02-086	-=+unique+=-
LG	E35/M48-F-266<N>	277	E35/M48-F-266<N>	-=+unique+=-
LG	Contig193-1	278	Contig193-1	-=+unique+=-
LG	Contig1396-7	279	Contig1396-7	-=+master+=-
LG	QGF17P01-1	279	Contig1396-7	 -- dupl -- 
LG	E44/M48-F-141	280	E44/M48-F-141	-=+unique+=-
LG	E45/M49-F-255<N>	281	E45/M49-F-255<N>	-=+unique+=-
LG	1A09-267	282	1A09-267	-=+unique+=-
LG	E33/M59-F-465	283	E33/M59-F-465	-=+unique+=-
LG	1A06-376	284	1A06-376	-=+unique+=-
LG	LK1015	285	LK1015	-=+unique+=-
LG	LK1139	286	LK1139	-=+unique+=-
LG	E35/M48-F-459	287	E35/M48-F-459	-=+unique+=-
LG	1A10-290<N>	288	1A10-290<N>	-=+unique+=-
LG	E35/M59-F-059	289	E35/M59-F-059	-=+unique+=-
LG	LK1338	290	LK1338	-=+unique+=-
LG	LE0460	291	LE0460	-=+unique+=-
LG	1A12-251<N>	292	1A12-251<N>	-=+unique+=-
LG	1A09-330<N>	293	1A09-330<N>	-=+unique+=-
LG	E45/M48-F-490	294	E45/M48-F-490	-=+unique+=-
LG	E54/M48-F-258	295	E54/M48-F-258	-=+unique+=-
LG	1A09-253	296	1A09-253	-=+unique+=-
LG	LK1011	297	LK1011	-=+unique+=-
LG	1A20-148	298	1A20-148	-=+unique+=-
LG	E33/M59-F-342	299	E33/M59-F-342	-=+unique+=-
LG	1A06-089	300	1A06-089	-=+unique+=-
LG	Contig12044-4	301	Contig12044-4	-=+unique+=-
LG	Contig14061-1	302	Contig14061-1	-=+unique+=-
LG	Contig14050-2	303	Contig14050-2	-=+unique+=-
LG	QGJ16G22-2	304	QGJ16G22-2	-=+unique+=-
LG	E44/M49-F-204	305	E44/M49-F-204	-=+unique+=-
LG	E45/M48-F-292<N>	306	E45/M48-F-292<N>	-=+unique+=-
LG	E44/M49-F-223	307	E44/M49-F-223	-=+unique+=-
LG	E51/M49-F-579	308	E51/M49-F-579	-=+unique+=-
LG	LE1133	309	LE1133	-=+unique+=-
LG	1A10-308<N>	310	1A10-308<N>	-=+unique+=-
LG	E35/M48-F-103<N>	311	E35/M48-F-103<N>	-=+unique+=-
LG	1A15-544<N>	312	1A15-544<N>	-=+unique+=-
LG	LE0163	313	LE0163	-=+unique+=-
LG	Contig1446-1	314	Contig1446-1	-=+master+=-
LG	QGG13J04-1	314	Contig1446-1	 -- dupl -- 
LG	LE1345	315	LE1345	-=+unique+=-
LG	E35/M48-F-090<N>	316	E35/M48-F-090<N>	-=+unique+=-
LG	E51/M49-F-174	317	E51/M49-F-174	-=+unique+=-
LG	1A02-132<N>	318	1A02-132<N>	-=+unique+=-
LG	E35/M49-F-133	319	E35/M49-F-133	-=+unique+=-
LG	LE1164	320	LE1164	-=+unique+=-
LG	LE0433	321	LE0433	-=+unique+=-
LG	LM0020	322	LM0020	-=+unique+=-
LG	LK0004	323	LK0004	-=+unique+=-
LG	1A12-107<N>	324	1A12-107<N>	-=+unique+=-
LG	LM0003	325	LM0003	-=+unique+=-
LG	LM0115	326	LM0115	-=+unique+=-
LG	LM0138	327	LM0138	-=+unique+=-
LG	LM0149	328	LM0149	-=+unique+=-
LG	LM0022	329	LM0022	-=+unique+=-
LG	QGD12O14-2	330	QGD12O14-2	-=+unique+=-
LG	QGH8M10-6	331	QGH8M10-6	-=+unique+=-
LG	LM0111	332	LM0111	-=+master+=-
LG	LM0141	332	LM0111	 -- dupl -- 
LG	LM0099	333	LM0099	-=+unique+=-
LG	LM0104	334	LM0104	-=+unique+=-
LG	LM0013	335	LM0013	-=+unique+=-
LG	LM0103	336	LM0103	-=+unique+=-
LG	E38/M54-F-300	337	E38/M54-F-300	-=+unique+=-
LG	LM0132	338	LM0132	-=+unique+=-
LG	LM0091	339	LM0091	-=+unique+=-
LG	LM0159	340	LM0159	-=+unique+=-
LG	LK0031	341	LK0031	-=+unique+=-
LG	LM0043	342	LM0043	-=+unique+=-
LG	1A01-212	343	1A01-212	-=+unique+=-
LG	E33/M59-F-237	344	E33/M59-F-237	-=+unique+=-
LG	E45/M49-F-169	345	E45/M49-F-169	-=+unique+=-
LG	M6956	346	M6956	-=+unique+=-
LG	1A01-307	347	1A01-307	-=+unique+=-
LG	LE1085	348	LE1085	-=+unique+=-
LG	LE4130	349	LE4130	-=+unique+=-
LG	LE3260	350	LE3260	-=+unique+=-
LG	LK1463	351	LK1463	-=+unique+=-
LG	LSRGCAE05-1	352	LSRGCAE05-1	-=+unique+=-
LG	LE0178	353	LE0178	-=+unique+=-
LG	LK0033	354	LK0033	-=+unique+=-
LG	LE0457	355	LE0457	-=+unique+=-
LG	1A12-484<N>	356	1A12-484<N>	-=+unique+=-
LG	E35/M60-F-152	357	E35/M60-F-152	-=+unique+=-
LG	1A20-129<N>	358	1A20-129<N>	-=+unique+=-
LG	Contig8418-2	359	Contig8418-2	-=+unique+=-
LG	LE1301	360	LE1301	-=+unique+=-
LG	Contig6808-5	361	Contig6808-5	-=+unique+=-
LG	LE1361	362	LE1361	-=+unique+=-
LG	LE1300	363	LE1300	-=+unique+=-
LG	E38/M54-F-284	364	E38/M54-F-284	-=+unique+=-
LG	E54/M48-F-152	365	E54/M48-F-152	-=+unique+=-
LG	1A09-050	366	1A09-050	-=+unique+=-
LG	1A08-350	367	1A08-350	-=+unique+=-
LG	1A13-402<N>	368	1A13-402<N>	-=+unique+=-
LG	E45/M48-F-103	369	E45/M48-F-103	-=+unique+=-
LG	LE0040B	370	LE0040B	-=+unique+=-
LG	LM0035	371	LM0035	-=+unique+=-
LG	LK1207	372	LK1207	-=+unique+=-
LG	E45/M48-F-123	373	E45/M48-F-123	-=+unique+=-
LG	E38/M54-F-055	374	E38/M54-F-055	-=+unique+=-
LG	E33/M59-F-154	375	E33/M59-F-154	-=+unique+=-
LG	LE0225B	376	LE0225B	-=+unique+=-
LG	1A06-171	377	1A06-171	-=+unique+=-
LG	LE3118	378	LE3118	-=+unique+=-
LG	Contig15680-2	379	Contig15680-2	-=+unique+=-
LG	Contig11489-1	380	Contig11489-1	-=+unique+=-
LG	LE0017	381	LE0017	-=+unique+=-
LG	E35/M59-F-094	382	E35/M59-F-094	-=+unique+=-
LG	1A01-125	383	1A01-125	-=+unique+=-
LG	LE9214	384	LE9214	-=+unique+=-
LG	Contig15145-1	385	Contig15145-1	-=+unique+=-
LG	LE9041	386	LE9041	-=+unique+=-
LG	1A18-210<N>	387	1A18-210<N>	-=+unique+=-
LG	LE0428	388	LE0428	-=+unique+=-
LG	Contig821-6	389	Contig821-6	-=+unique+=-
LG	LE0420	390	LE0420	-=+unique+=-
LG	1A02-370	391	1A02-370	-=+unique+=-
LG	1A15-569<N>	392	1A15-569<N>	-=+unique+=-
LG	LE3221	393	LE3221	-=+unique+=-
LG	Contig12882-1	394	Contig12882-1	-=+unique+=-
LG	CLRX4778-1	395	CLRX4778-1	-=+unique+=-
LG	Contig5632-1	396	Contig5632-1	-=+unique+=-
LG	CLS_S3_Contig4708-1	397	CLS_S3_Contig4708-1	-=+unique+=-
LG	LE0370	398	LE0370	-=+unique+=-
LG	1A01-421	399	1A01-421	-=+unique+=-
LG	1A04-208	400	1A04-208	-=+unique+=-
LG	LE4127	401	LE4127	-=+unique+=-
LG	QGH11G02-2	402	QGH11G02-2	-=+unique+=-
LG	Contig6313-2	403	Contig6313-2	-=+unique+=-
LG	M1282	404	M1282	-=+unique+=-
LG	LR0010	405	LR0010	-=+unique+=-
LG	Contig4370-3	406	Contig4370-3	-=+unique+=-
LG	Contig1487-1	407	Contig1487-1	-=+unique+=-
LG	QGF20E14-1	408	QGF20E14-1	-=+unique+=-
LG	LE0314	409	LE0314	-=+unique+=-
LG	LE9037	410	LE9037	-=+unique+=-
LG	LE0238	411	LE0238	-=+unique+=-
LG	LE0233	412	LE0233	-=+unique+=-
LG	LE1136	413	LE1136	-=+unique+=-
LG	LK1204	414	LK1204	-=+unique+=-
LG	LK1214	415	LK1214	-=+unique+=-
LG	1A01-377	416	1A01-377	-=+unique+=-
LG	LE0358	417	LE0358	-=+unique+=-
LG	Contig1216-1	418	Contig1216-1	-=+master+=-
LG	Contig4001-1	418	Contig1216-1	 -- dupl -- 
LG	Contig891-4	418	Contig1216-1	 -- dupl -- 
LG	Contig12591-3	418	Contig1216-1	 -- dupl -- 
LG	Contig7749-4	418	Contig1216-1	 -- dupl -- 
LG	Contig8485-1	418	Contig1216-1	 -- dupl -- 
LG	CLSS10713-2	419	CLSS10713-2	-=+unique+=-
LG	LE1132	420	LE1132	-=+unique+=-
LG	1A08-100<N>	421	1A08-100<N>	-=+unique+=-
LG	LK1475	422	LK1475	-=+unique+=-
LG	E38/M54-F-080	423	E38/M54-F-080	-=+unique+=-
LG	E35/M59-F-207	424	E35/M59-F-207	-=+unique+=-
LG	L2597	425	L2597	-=+unique+=-
LG	LE0038	426	LE0038	-=+unique+=-
LG	LE3006	427	LE3006	-=+unique+=-
LG	QGJ4F08-2	428	QGJ4F08-2	-=+unique+=-
LG	LE4128	429	LE4128	-=+unique+=-
LG	Contig4116-1	430	Contig4116-1	-=+unique+=-
LG	LE7005	431	LE7005	-=+unique+=-
LG	LE4133	432	LE4133	-=+unique+=-
LG	LK1136	433	LK1136	-=+unique+=-
LG	CLSM19803-1	434	CLSM19803-1	-=+unique+=-
LG	LE4129	435	LE4129	-=+unique+=-
LG	LK1107	436	LK1107	-=+unique+=-
LG	E33/M59-F-222<N>	437	E33/M59-F-222<N>	-=+unique+=-
LG	1A06-226	438	1A06-226	-=+unique+=-
LG	E45/M48-F-255	439	E45/M48-F-255	-=+unique+=-
LG	E45/M48-F-201<N>	440	E45/M48-F-201<N>	-=+unique+=-
LG	E45/M48-F-131	441	E45/M48-F-131	-=+unique+=-
LG	LE7003	442	LE7003	-=+unique+=-
LG	LE3033	443	LE3033	-=+unique+=-
LG	LE0350	444	LE0350	-=+unique+=-
LG	Contig15231-1	445	Contig15231-1	-=+unique+=-
LG	E45/M48-F-134	446	E45/M48-F-134	-=+unique+=-
LG	E35/M49-F-374	447	E35/M49-F-374	-=+unique+=-
LG	LE3087	448	LE3087	-=+unique+=-
LG	LE4034	449	LE4034	-=+unique+=-
LG	LK1379	450	LK1379	-=+unique+=-
LG	E38/M54-F-155<N>	451	E38/M54-F-155<N>	-=+unique+=-
LG	E44/M48-F-323	452	E44/M48-F-323	-=+unique+=-
LG	E35/M59-F-399<N>	453	E35/M59-F-399<N>	-=+unique+=-
LG	1A13-068<N>	454	1A13-068<N>	-=+unique+=-
LG	E35/M59-F-234	455	E35/M59-F-234	-=+unique+=-
LG	Contig7649-3	456	Contig7649-3	-=+unique+=-
LG	LK1360	457	LK1360	-=+unique+=-
LG	E54/M48-F-101	458	E54/M48-F-101	-=+unique+=-
LG	E51/M49-F-183<N>	459	E51/M49-F-183<N>	-=+unique+=-
LG	LK1481	460	LK1481	-=+unique+=-
LG	LK1485	461	LK1485	-=+unique+=-
LG	LE0204	462	LE0204	-=+unique+=-
LG	Contig15473-3	463	Contig15473-3	-=+master+=-
LG	Contig6671-2	463	Contig15473-3	 -- dupl -- 
LG	LE3018	464	LE3018	-=+unique+=-
LG	LE3020	465	LE3020	-=+unique+=-
LG	E44/M49-F-414	466	E44/M49-F-414	-=+unique+=-
LG	LE9050	467	LE9050	-=+unique+=-
LG	LE0371	468	LE0371	-=+unique+=-
LG	Contig3943-3	469	Contig3943-3	-=+unique+=-
LG	LE0393	470	LE0393	-=+unique+=-
LG	LE0040A	471	LE0040A	-=+unique+=-
LG	Contig3045-2	472	Contig3045-2	-=+unique+=-
LG	E33/M59-F-357	473	E33/M59-F-357	-=+unique+=-
LG	1A10-503	474	1A10-503	-=+unique+=-
LG	1A01-085	475	1A01-085	-=+unique+=-
LG	1A06-211	476	1A06-211	-=+unique+=-
LG	Contig15112-1	477	Contig15112-1	-=+unique+=-
LG	L1804	478	L1804	-=+unique+=-
LG	E35/M59-F-143	479	E35/M59-F-143	-=+unique+=-
LG	1A15-413<N>	480	1A15-413<N>	-=+unique+=-
LG	LE3093	481	LE3093	-=+master+=-
LG	LE7013	481	LE3093	 -- dupl -- 
LG	Contig12930-2	482	Contig12930-2	-=+unique+=-
LG	Contig11288-1	483	Contig11288-1	-=+unique+=-
LG	LE3261	484	LE3261	-=+unique+=-
LG	E51/M49-F-214	485	E51/M49-F-214	-=+unique+=-
LG	1A09-376<N>	486	1A09-376<N>	-=+unique+=-
LG	E35/M59-F-580	487	E35/M59-F-580	-=+unique+=-
LG	LE9303	488	LE9303	-=+master+=-
LG	LE9311	488	LE9303	 -- dupl -- 
LG	LE0032	489	LE0032	-=+unique+=-
LG	E35/M60-F-354	490	E35/M60-F-354	-=+unique+=-
LG	LE0082	491	LE0082	-=+unique+=-
LG	1A18-079<N>	492	1A18-079<N>	-=+unique+=-
LG	1A17-126<N>	493	1A17-126<N>	-=+unique+=-
LG	1A18-378<N>	494	1A18-378<N>	-=+unique+=-
LG	E35/M59-F-290	495	E35/M59-F-290	-=+unique+=-
LG	E35/M60-F-292	496	E35/M60-F-292	-=+unique+=-
LG	1A20-289	497	1A20-289	-=+unique+=-
LG	E35/M48-F-226<N>	498	E35/M48-F-226<N>	-=+unique+=-
LG	E35/M59-F-200	499	E35/M59-F-200	-=+unique+=-
LG	LK1457	500	LK1457	-=+unique+=-
LG	Contig9978-2	501	Contig9978-2	-=+unique+=-
LG	E38/M54-F-052	502	E38/M54-F-052	-=+unique+=-
LG	LM0041	503	LM0041	-=+unique+=-
LG	LM0057	504	LM0057	-=+unique+=-
LG	LM0017	505	LM0017	-=+unique+=-
LG	LE1141	506	LE1141	-=+unique+=-
LG	LE7001	507	LE7001	-=+unique+=-
LG	Contig14182-1	508	Contig14182-1	-=+master+=-
LG	Contig1771-7	508	Contig14182-1	 -- dupl -- 
LG	E44/M48-F-311	509	E44/M48-F-311	-=+unique+=-
LG	1A20-244	510	1A20-244	-=+unique+=-
LG	E35/M48-F-334	511	E35/M48-F-334	-=+unique+=-
LG	E45/M48-F-090	512	E45/M48-F-090	-=+unique+=-
LG	1A02-348	513	1A02-348	-=+unique+=-
LG	1A15-577<N>	514	1A15-577<N>	-=+unique+=-
LG	LM0123	515	LM0123	-=+unique+=-
LG	Contig4455-1	516	Contig4455-1	-=+unique+=-
LG	RGC8-1	517	RGC8-1	-=+unique+=-
LG	1A04-134<N>	518	1A04-134<N>	-=+unique+=-
LG	LM0028	519	LM0028	-=+unique+=-
LG	E35/M49-F-278	520	E35/M49-F-278	-=+unique+=-
LG	E35/M49-F-189	521	E35/M49-F-189	-=+unique+=-
LG	E54/M48-F-291	522	E54/M48-F-291	-=+unique+=-
LG	LK0041	523	LK0041	-=+unique+=-
LG	LR0035	524	LR0035	-=+unique+=-
LG	LK0017	525	LK0017	-=+unique+=-
LG	E33/M59-F-121	526	E33/M59-F-121	-=+unique+=-
LG	E44/M48-F-230	527	E44/M48-F-230	-=+unique+=-
LG	E38/M54-F-353	528	E38/M54-F-353	-=+unique+=-
LG	LR0031	529	LR0031	-=+unique+=-
LG	RGC2M-1	530	RGC2M-1	-=+unique+=-
LG	CLSM16923-2	531	CLSM16923-2	-=+unique+=-
LG	LM0131	532	LM0131	-=+master+=-
LG	LR0029	532	LM0131	 -- dupl -- 
LG	E33/M59-F-226	533	E33/M59-F-226	-=+unique+=-
LG	LE0213	534	LE0213	-=+unique+=-
LG	E38/M54-F-339	535	E38/M54-F-339	-=+unique+=-
LG	LK0036	536	LK0036	-=+unique+=-
LG	LM0107	537	LM0107	-=+unique+=-
LG	LR0089	538	LR0089	-=+unique+=-
LG	E35/M60-F-226	539	E35/M60-F-226	-=+unique+=-
LG	1A17-111<N>	540	1A17-111<N>	-=+unique+=-
LG	1A08-497	541	1A08-497	-=+unique+=-
LG	1A10-382<N>	542	1A10-382<N>	-=+unique+=-
LG	LR0049	543	LR0049	-=+unique+=-
LG	LK210	544	LK210	-=+unique+=-
LG	LR0096	545	LR0096	-=+unique+=-
LG	LE7006	546	LE7006	-=+unique+=-
LG	LE3172	547	LE3172	-=+unique+=-
LG	1A20-178	548	1A20-178	-=+unique+=-
LG	1A15-140<N>	549	1A15-140<N>	-=+unique+=-
LG	LE0224	550	LE0224	-=+unique+=-
LG	LE1118	551	LE1118	-=+unique+=-
LG	LE1382	552	LE1382	-=+unique+=-
LG	E45/M48-F-147	553	E45/M48-F-147	-=+unique+=-
LG	LK1452	554	LK1452	-=+unique+=-
LG	E33/M59-F-208	555	E33/M59-F-208	-=+unique+=-
LG	LE1383	556	LE1383	-=+unique+=-
LG	1A10-224	557	1A10-224	-=+unique+=-
LG	LE4015	558	LE4015	-=+unique+=-
LG	E35/M49-F-202	559	E35/M49-F-202	-=+unique+=-
LG	Contig5253-1	560	Contig5253-1	-=+unique+=-
LG	LK1366	561	LK1366	-=+unique+=-
LG	E35/M60-F-357	562	E35/M60-F-357	-=+unique+=-
LG	1A02-270	563	1A02-270	-=+unique+=-
LG	LK1444	564	LK1444	-=+unique+=-
LG	1A08-110	565	1A08-110	-=+unique+=-
LG	LE1111	566	LE1111	-=+unique+=-
LG	LE4084	567	LE4084	-=+unique+=-
LG	L2524-2	568	L2524-2	-=+unique+=-
LG	1A10-080<N>	569	1A10-080<N>	-=+unique+=-
LG	Contig15772-7	570	Contig15772-7	-=+unique+=-
LG	QGI13M08-4	571	QGI13M08-4	-=+unique+=-
LG	Contig4632-2	572	Contig4632-2	-=+unique+=-
LG	CLRY4117-1	573	CLRY4117-1	-=+master+=-
LG	Contig2774-1	573	CLRY4117-1	 -- dupl -- 
LG	LE0026	574	LE0026	-=+unique+=-
LG	1A06-132<N>	575	1A06-132<N>	-=+unique+=-
LG	1A03-167	576	1A03-167	-=+unique+=-
LG	1A12-073<N>	577	1A12-073<N>	-=+unique+=-
LG	1A17-129<N>	578	1A17-129<N>	-=+unique+=-
LG	1A10-280	579	1A10-280	-=+unique+=-
LG	L2598	580	L2598	-=+unique+=-
LG	E35/M49-F-363	581	E35/M49-F-363	-=+unique+=-
LG	LK1319	582	LK1319	-=+unique+=-
LG	E35/M59-F-135	583	E35/M59-F-135	-=+unique+=-
LG	LE0435	584	LE0435	-=+unique+=-
LG	1A15-403	585	1A15-403	-=+unique+=-
LG	LE1143	586	LE1143	-=+unique+=-
LG	LK1341	587	LK1341	-=+unique+=-
LG	CLSX5517-1	588	CLSX5517-1	-=+unique+=-
LG	LE0466	589	LE0466	-=+unique+=-
LG	LE9322	590	LE9322	-=+unique+=-
LG	1A13-133<N>	591	1A13-133<N>	-=+unique+=-
LG	E51/M49-F-404	592	E51/M49-F-404	-=+unique+=-
LG	LK1290	593	LK1290	-=+unique+=-
LG	E44/M48-F-387	594	E44/M48-F-387	-=+unique+=-
LG	LE1172	595	LE1172	-=+master+=-
LG	LE4068	595	LE1172	 -- dupl -- 
LG	QGG14D23-1	596	QGG14D23-1	-=+unique+=-
LG	LE3007	597	LE3007	-=+unique+=-
LG	1A15-072<N>	598	1A15-072<N>	-=+unique+=-
LG	Contig11134-1	599	Contig11134-1	-=+master+=-
LG	Contig3740-1	599	Contig11134-1	 -- dupl -- 
LG	LE0317	600	LE0317	-=+unique+=-
LG	E45/M49-F-275	601	E45/M49-F-275	-=+unique+=-
LG	E45/M49-F-278	602	E45/M49-F-278	-=+unique+=-
LG	1A12-160<N>	603	1A12-160<N>	-=+unique+=-
LG	L1406	604	L1406	-=+unique+=-
LG	Contig9203-2	605	Contig9203-2	-=+unique+=-
LG	Contig1242-5	606	Contig1242-5	-=+unique+=-
LG	LE0362	607	LE0362	-=+unique+=-
LG	E35/M49-F-207	608	E35/M49-F-207	-=+unique+=-
LG	1A03-253	609	1A03-253	-=+unique+=-
LG	E35/M48-F-151<N>	610	E35/M48-F-151<N>	-=+unique+=-
LG	LK1260	611	LK1260	-=+unique+=-
LG	LE1130	612	LE1130	-=+unique+=-
LG	CLSS12467-1	613	CLSS12467-1	-=+unique+=-
LG	LK1469	614	LK1469	-=+unique+=-
LG	LE0348	615	LE0348	-=+unique+=-
LG	Contig15781-1	616	Contig15781-1	-=+unique+=-
LG	QGB19M14-1	617	QGB19M14-1	-=+unique+=-
LG	LE1365	618	LE1365	-=+unique+=-
LG	LE1154	619	LE1154	-=+unique+=-
LG	Contig5843-6	620	Contig5843-6	-=+unique+=-
LG	Contig14085-6	621	Contig14085-6	-=+unique+=-
LG	LE0473	622	LE0473	-=+unique+=-
LG	LN0001	623	LN0001	-=+unique+=-
LG	E45/M49-F-315	624	E45/M49-F-315	-=+unique+=-
LG	LE0189A	625	LE0189A	-=+unique+=-
LG	E35/M59-F-236	626	E35/M59-F-236	-=+unique+=-
LG	1A17-271<N>	627	1A17-271<N>	-=+unique+=-
LG	E38/M54-F-085	628	E38/M54-F-085	-=+unique+=-
LG	LE0475	629	LE0475	-=+unique+=-
LG	E35/M49-F-582	630	E35/M49-F-582	-=+unique+=-
LG	E33/M59-F-090	631	E33/M59-F-090	-=+unique+=-
LG	E35/M48-F-323	632	E35/M48-F-323	-=+unique+=-
LG	LE4095	633	LE4095	-=+unique+=-
LG	LK1459	634	LK1459	-=+unique+=-
LG	LE3069	635	LE3069	-=+unique+=-
LG	LE1084	636	LE1084	-=+unique+=-
LG	1A17-135<N>	637	1A17-135<N>	-=+unique+=-
LG	Contig2225-1	638	Contig2225-1	-=+unique+=-
LG	E45/M49-F-556<N>	639	E45/M49-F-556<N>	-=+unique+=-
LG	E44/M48-F-098	640	E44/M48-F-098	-=+unique+=-
LG	LE3257	641	LE3257	-=+unique+=-
LG	E44/M48-F-425<N>	642	E44/M48-F-425<N>	-=+unique+=-
LG	E38/M54-F-312	643	E38/M54-F-312	-=+unique+=-
LG	E38/M54-F-110	644	E38/M54-F-110	-=+unique+=-
LG	1A18-276<N>	645	1A18-276<N>	-=+unique+=-
LG	1A02-099	646	1A02-099	-=+unique+=-
LG	E45/M48-F-249	647	E45/M48-F-249	-=+unique+=-
LG	1A36-320<N>	648	1A36-320<N>	-=+unique+=-
LG	E35/M49-F-399<N>	649	E35/M49-F-399<N>	-=+unique+=-
LG	LE4108	650	LE4108	-=+unique+=-
LG	LE4114	651	LE4114	-=+unique+=-
LG	Contig6780-2	652	Contig6780-2	-=+unique+=-
LG	Contig1094-1	653	Contig1094-1	-=+unique+=-
LG	Contig9579-2	654	Contig9579-2	-=+unique+=-
LG	LK1525	655	LK1525	-=+unique+=-
LG	LE4131	656	LE4131	-=+unique+=-
LG	LE4022	657	LE4022	-=+unique+=-
LG	E38/M54-F-494	658	E38/M54-F-494	-=+unique+=-
LG	1A09-349<N>	659	1A09-349<N>	-=+unique+=-
LG	LE1042	660	LE1042	-=+unique+=-
LG	E44/M48-F-238	661	E44/M48-F-238	-=+unique+=-
LG	CLSM14946-1	662	CLSM14946-1	-=+unique+=-
LG	E35/M49-F-079	663	E35/M49-F-079	-=+unique+=-
LG	LE0402	664	LE0402	-=+unique+=-
LG	LE0241	665	LE0241	-=+unique+=-
LG	LE7008	666	LE7008	-=+unique+=-
LG	1A06-061	667	1A06-061	-=+unique+=-
LG	1A01-109	668	1A01-109	-=+unique+=-
LG	LE4107	669	LE4107	-=+unique+=-
LG	1A10-653<N>	670	1A10-653<N>	-=+unique+=-
LG	E45/M49-F-122<N>	671	E45/M49-F-122<N>	-=+unique+=-
LG	LE0351	672	LE0351	-=+unique+=-
LG	QGI4E15-1	673	QGI4E15-1	-=+unique+=-
LG	Contig1415-3	674	Contig1415-3	-=+master+=-
LG	QGF13P18-4	674	Contig1415-3	 -- dupl -- 
LG	Contig6039-19	675	Contig6039-19	-=+unique+=-
LG	LE0425	676	LE0425	-=+unique+=-
LG	1A04-190<N>	677	1A04-190<N>	-=+unique+=-
LG	E35/M59-F-491	678	E35/M59-F-491	-=+unique+=-
LG	E38/M54-F-579	679	E38/M54-F-579	-=+unique+=-
LG	LE3211	680	LE3211	-=+unique+=-
LG	E44/M49-F-360	681	E44/M49-F-360	-=+unique+=-
LG	LE0126	682	LE0126	-=+unique+=-
LG	E44/M49-F-297	683	E44/M49-F-297	-=+unique+=-
LG	LE0307	684	LE0307	-=+unique+=-
LG	E44/M48-F-094	685	E44/M48-F-094	-=+unique+=-
LG	LE0333	686	LE0333	-=+master+=-
LG	LE0337	686	LE0333	 -- dupl -- 
LG	1A12-238<N>	687	1A12-238<N>	-=+unique+=-
LG	E44/M48-F-096	688	E44/M48-F-096	-=+unique+=-
LG	LK1527	689	LK1527	-=+unique+=-
LG	1A02-117<N>	690	1A02-117<N>	-=+unique+=-
LG	LK1406	691	LK1406	-=+unique+=-
LG	LE1012	692	LE1012	-=+unique+=-
LG	1A15-393<N>	693	1A15-393<N>	-=+unique+=-
LG	LK1503	694	LK1503	-=+unique+=-
LG	LE4051	695	LE4051	-=+unique+=-
LG	E51/M49-F-188	696	E51/M49-F-188	-=+unique+=-
LG	E35/M59-F-220	697	E35/M59-F-220	-=+unique+=-
LG	CLRY544-1	698	CLRY544-1	-=+master+=-
LG	Contig3791-1	698	CLRY544-1	 -- dupl -- 
LG	Contig14571-2	698	CLRY544-1	 -- dupl -- 
LG	LE0396	699	LE0396	-=+unique+=-
LG	L1371	700	L1371	-=+unique+=-
LG	1A06-268	701	1A06-268	-=+unique+=-
LG	1A10-347<N>	702	1A10-347<N>	-=+unique+=-
LG	1A21-398	703	1A21-398	-=+unique+=-
LG	QGC10F01-1	704	QGC10F01-1	-=+unique+=-
LG	Contig15389-1	705	Contig15389-1	-=+unique+=-
LG	LE9039	706	LE9039	-=+unique+=-
LG	1A15-333	707	1A15-333	-=+unique+=-
LG	1A04-376	708	1A04-376	-=+unique+=-
LG	E35/M59-F-276	709	E35/M59-F-276	-=+unique+=-
LG	1A01-173<N>	710	1A01-173<N>	-=+unique+=-
LG	1A04-291	711	1A04-291	-=+unique+=-
LG	E35/M49-F-223	712	E35/M49-F-223	-=+unique+=-
LG	LK1462	713	LK1462	-=+unique+=-
LG	Contig4627-1	714	Contig4627-1	-=+unique+=-
LG	E38/M54-F-174	715	E38/M54-F-174	-=+unique+=-
LG	1A01-187	716	1A01-187	-=+unique+=-
LG	E44/M49-F-306<N>	717	E44/M49-F-306<N>	-=+unique+=-
LG	1A15-287	718	1A15-287	-=+unique+=-
LG	E44/M48-F-241	719	E44/M48-F-241	-=+unique+=-
LG	E35/M60-F-286	720	E35/M60-F-286	-=+unique+=-
LG	Contig7363-1	721	Contig7363-1	-=+unique+=-
LG	L317	722	L317	-=+unique+=-
LG	LE9033	723	LE9033	-=+unique+=-
LG	E35/M60-F-081	724	E35/M60-F-081	-=+unique+=-
LG	1A04-137	725	1A04-137	-=+unique+=-
LG	Contig7346-1	726	Contig7346-1	-=+unique+=-
LG	E35/M49-F-296	727	E35/M49-F-296	-=+unique+=-
LG	1A10-139	728	1A10-139	-=+unique+=-
LG	E51/M49-F-160	729	E51/M49-F-160	-=+unique+=-
LG	1A12-167<N>	730	1A12-167<N>	-=+unique+=-
LG	E35/M59-F-170	731	E35/M59-F-170	-=+unique+=-
LG	Contig9470-1	732	Contig9470-1	-=+unique+=-
LG	1A01-418	733	1A01-418	-=+unique+=-
LG	E35/M60-F-183	734	E35/M60-F-183	-=+unique+=-
LG	E45/M49-F-133	735	E45/M49-F-133	-=+unique+=-
LG	1A10-095	736	1A10-095	-=+unique+=-
LG	1A03-079	737	1A03-079	-=+unique+=-
LG	1A15-156<N>	738	1A15-156<N>	-=+unique+=-
LG	Contig7341-2	739	Contig7341-2	-=+master+=-
LG	Contig8995-4	739	Contig7341-2	 -- dupl -- 
LG	LE3042	740	LE3042	-=+unique+=-
LG	LE1312	741	LE1312	-=+unique+=-
LG	LE1155	742	LE1155	-=+unique+=-
LG	LE4078	743	LE4078	-=+unique+=-
LG	1A17-107<N>	744	1A17-107<N>	-=+unique+=-
LG	E38/M54-F-083	745	E38/M54-F-083	-=+unique+=-
LG	LE0139	746	LE0139	-=+unique+=-
LG	E45/M49-F-215	747	E45/M49-F-215	-=+unique+=-
LG	E35/M49-F-222	748	E35/M49-F-222	-=+unique+=-
LG	Contig2930-1	749	Contig2930-1	-=+unique+=-
LG	E35/M48-F-355<N>	750	E35/M48-F-355<N>	-=+unique+=-
LG	1A01-262<N>	751	1A01-262<N>	-=+unique+=-
LG	1A10-113<N>	752	1A10-113<N>	-=+unique+=-
LG	1A01-253<N>	753	1A01-253<N>	-=+unique+=-
LG	LE4010	754	LE4010	-=+unique+=-
LG	E35/M48-F-163	755	E35/M48-F-163	-=+unique+=-
LG	E44/M49-F-102	756	E44/M49-F-102	-=+unique+=-
LG	1A06-149	757	1A06-149	-=+unique+=-
LG	E33/M59-F-181	758	E33/M59-F-181	-=+unique+=-
LG	1A12-445<N>	759	1A12-445<N>	-=+unique+=-
LG	1A18-084<N>	760	1A18-084<N>	-=+unique+=-
LG	1A03-084	761	1A03-084	-=+unique+=-
LG	E35/M48-F-269<N>	762	E35/M48-F-269<N>	-=+unique+=-
LG	E35/M60-F-259	763	E35/M60-F-259	-=+unique+=-
LG	E44/M49-F-100	764	E44/M49-F-100	-=+unique+=-
LG	M2687	765	M2687	-=+unique+=-
LG	E35/M49-F-239	766	E35/M49-F-239	-=+unique+=-
LG	1A12-162<N>	767	1A12-162<N>	-=+unique+=-
LG	LE0279	768	LE0279	-=+unique+=-
LG	1A15-238<N>	769	1A15-238<N>	-=+unique+=-
LG	1A15-145<N>	770	1A15-145<N>	-=+unique+=-
LG	E35/M49-F-157	771	E35/M49-F-157	-=+unique+=-
LG	LE1233	772	LE1233	-=+unique+=-
LG	E45/M48-F-067	773	E45/M48-F-067	-=+unique+=-
LG	LE0189B	774	LE0189B	-=+unique+=-
LG	E35/M59-F-126	775	E35/M59-F-126	-=+unique+=-
LG	LE0189	776	LE0189	-=+unique+=-
LG	1A12-353<N>	777	1A12-353<N>	-=+unique+=-
LG	1A01-142	778	1A01-142	-=+unique+=-
LG	E45/M49-F-206	779	E45/M49-F-206	-=+unique+=-
LG	LK1141	780	LK1141	-=+unique+=-
LG	LE9006	781	LE9006	-=+unique+=-
LG	Contig6164-1	782	Contig6164-1	-=+master+=-
LG	QGJ17H03-1	782	Contig6164-1	 -- dupl -- 
LG	CLSX586-2	783	CLSX586-2	-=+unique+=-
LG	1A21-089	784	1A21-089	-=+unique+=-
LG	1A17-180<N>	785	1A17-180<N>	-=+unique+=-
LG	Dm7	786	Dm7	-=+unique+=-
LG	1A01-092b	787	1A01-092b	-=+unique+=-
LG	E35/M60-F-093	788	E35/M60-F-093	-=+unique+=-
LG	LK1369	789	LK1369	-=+unique+=-
LG	E35/M59-F-485	790	E35/M59-F-485	-=+unique+=-
LG	E51/M49-F-259	791	E51/M49-F-259	-=+unique+=-
LG	LE4077	792	LE4077	-=+unique+=-
LG	1A20-220	793	1A20-220	-=+unique+=-
LG	1A10-238	794	1A10-238	-=+unique+=-
LG	LK1374	795	LK1374	-=+unique+=-
LG	M1228	796	M1228	-=+unique+=-
LG	L2602	797	L2602	-=+unique+=-
LG	E33/M59-F-076	798	E33/M59-F-076	-=+master+=-
LG	E33/M59-F-283	798	E33/M59-F-076	 -- dupl -- 
LG	1A03-067	799	1A03-067	-=+unique+=-
LG	1A04-141	800	1A04-141	-=+unique+=-
LG	LE0192	801	LE0192	-=+unique+=-
LG	LE0491A	802	LE0491A	-=+unique+=-
LG	E35/M49-F-333	803	E35/M49-F-333	-=+unique+=-
LG	L2208	804	L2208	-=+unique+=-
LG	LE9003	805	LE9003	-=+unique+=-
LG	E38/M54-F-562	806	E38/M54-F-562	-=+unique+=-
LG	LE3168	807	LE3168	-=+unique+=-
LG	Contig13611-3	808	Contig13611-3	-=+unique+=-
LG	E51/M49-F-131	809	E51/M49-F-131	-=+unique+=-
LG	LE0498	810	LE0498	-=+unique+=-
LG	E35/M59-F-267	811	E35/M59-F-267	-=+unique+=-
LG	E35/M59-F-181	812	E35/M59-F-181	-=+unique+=-
LG	1A09-297	813	1A09-297	-=+unique+=-
LG	LM0052	814	LM0052	-=+unique+=-
LG	LK1447	815	LK1447	-=+unique+=-
LG	CLSX3674-1	816	CLSX3674-1	-=+master+=-
LG	Contig11945-1	816	CLSX3674-1	 -- dupl -- 
LG	LK1085	817	LK1085	-=+unique+=-
LG	CLS_S3_Contig5097-1	818	CLS_S3_Contig5097-1	-=+unique+=-
LG	E35/M60-F-164<N>	819	E35/M60-F-164<N>	-=+unique+=-
LG	1A01-129	820	1A01-129	-=+unique+=-
LG	LE3182	821	LE3182	-=+unique+=-
LG	LE6000	822	LE6000	-=+unique+=-
LG	LE6003	823	LE6003	-=+unique+=-
LG	E33/M59-F-364	824	E33/M59-F-364	-=+unique+=-
LG	1A09-198	825	1A09-198	-=+unique+=-
LG	LE1315	826	LE1315	-=+unique+=-
LG	E33/M59-F-299	827	E33/M59-F-299	-=+unique+=-
LG	E51/M49-F-284	828	E51/M49-F-284	-=+unique+=-
LG	E44/M48-F-237<N>	829	E44/M48-F-237<N>	-=+unique+=-
LG	LE1085/89	830	LE1085/89	-=+unique+=-
LG	E44/M48-F-487	831	E44/M48-F-487	-=+unique+=-
LG	1A03-114	832	1A03-114	-=+unique+=-
LG	E35/M48-F-166<N>	833	E35/M48-F-166<N>	-=+unique+=-
LG	E35/M49-F-291	834	E35/M49-F-291	-=+unique+=-
LG	1A03-341	835	1A03-341	-=+unique+=-
LG	E35/M49-F-143	836	E35/M49-F-143	-=+unique+=-
LG	1A17-155<N>	837	1A17-155<N>	-=+unique+=-
LG	LE0296	838	LE0296	-=+unique+=-
LG	E35/M59-F-104	839	E35/M59-F-104	-=+unique+=-
LG	LE4021	840	LE4021	-=+master+=-
LG	LK1363	840	LE4021	 -- dupl -- 
LG	CLSX3763-1	841	CLSX3763-1	-=+unique+=-
LG	LK1373	842	LK1373	-=+unique+=-
LG	1A01-152	843	1A01-152	-=+unique+=-
LG	1A10-142<N>	844	1A10-142<N>	-=+unique+=-
LG	1A10-450<N>	845	1A10-450<N>	-=+unique+=-
LG	LE1313	846	LE1313	-=+unique+=-
LG	1A12-527<N>	847	1A12-527<N>	-=+unique+=-
LG	LE1314	848	LE1314	-=+unique+=-
LG	E44/M49-F-051	849	E44/M49-F-051	-=+unique+=-
LG	LE1318	850	LE1318	-=+master+=-
LG	LE1323	850	LE1318	 -- dupl -- 
LG	1A12-268<N>	851	1A12-268<N>	-=+unique+=-
LG	1A04-360	852	1A04-360	-=+unique+=-
LG	E45/M49-F-203	853	E45/M49-F-203	-=+unique+=-
LG	1A13-340<N>	854	1A13-340<N>	-=+unique+=-
LG	E44/M48-F-054	855	E44/M48-F-054	-=+unique+=-
LG	E44/M49-F-069	856	E44/M49-F-069	-=+unique+=-
LG	1A10-268	857	1A10-268	-=+unique+=-
LG	1A08-254	858	1A08-254	-=+unique+=-
LG	L2261	859	L2261	-=+unique+=-
LG	LE1009	860	LE1009	-=+unique+=-
LG	1A15-253<N>	861	1A15-253<N>	-=+unique+=-
LG	M1625	862	M1625	-=+unique+=-
LG	E38/M54-F-263	863	E38/M54-F-263	-=+unique+=-
LG	1A01-092a	864	1A01-092a	-=+unique+=-
LG	E45/M49-F-129	865	E45/M49-F-129	-=+unique+=-
LG	E33/M59-F-219	866	E33/M59-F-219	-=+unique+=-
LG	1A10-192	867	1A10-192	-=+unique+=-
LG	1A13-335<N>	868	1A13-335<N>	-=+unique+=-
LG	LE0342	869	LE0342	-=+master+=-
LG	LE0372	869	LE0342	 -- dupl -- 
LG	1A04-179	870	1A04-179	-=+unique+=-
LG	E45/M49-F-391	871	E45/M49-F-391	-=+unique+=-
LG	E54/M48-F-252	872	E54/M48-F-252	-=+unique+=-
LG	E35/M59-F-095	873	E35/M59-F-095	-=+unique+=-
LG	LK1294	874	LK1294	-=+unique+=-
LG	E35/M60-F-446<N>	875	E35/M60-F-446<N>	-=+unique+=-
LG	LE3072	876	LE3072	-=+unique+=-
LG	Contig9641-1	877	Contig9641-1	-=+unique+=-
LG	LK1403	878	LK1403	-=+unique+=-
LG	L2267	879	L2267	-=+unique+=-
LG	LK1549	880	LK1549	-=+master+=-
LG	LK1552	880	LK1549	 -- dupl -- 
LG	1A10-291	881	1A10-291	-=+unique+=-
LG	LE0482	882	LE0482	-=+unique+=-
LG	1A15-161<N>	883	1A15-161<N>	-=+unique+=-
LG	E35/M59-F-391	884	E35/M59-F-391	-=+unique+=-
LG	1A15-224<N>	885	1A15-224<N>	-=+unique+=-
LG	E35/M49-F-193	886	E35/M49-F-193	-=+unique+=-
LG	E44/M48-F-403	887	E44/M48-F-403	-=+unique+=-
LG	LE0313	888	LE0313	-=+unique+=-
LG	E35/M59-F-127	889	E35/M59-F-127	-=+unique+=-
LG	LK1072	890	LK1072	-=+unique+=-
LG	1A06-453	891	1A06-453	-=+unique+=-
LG	Contig3390-4	892	Contig3390-4	-=+unique+=-
LG	E35/M48-F-133<N>	893	E35/M48-F-133<N>	-=+unique+=-
LG	1A10-128<N>	894	1A10-128<N>	-=+unique+=-
LG	LE0488	895	LE0488	-=+unique+=-
LG	E45/M48-F-058	896	E45/M48-F-058	-=+unique+=-
LG	1A18-047<N>	897	1A18-047<N>	-=+unique+=-
LG	1A09-173	898	1A09-173	-=+unique+=-
LG	1A15-451<N>	899	1A15-451<N>	-=+unique+=-
LG	E44/M49-F-328	900	E44/M49-F-328	-=+unique+=-
LG	1A10-195a<N>	901	1A10-195a<N>	-=+unique+=-
LG	1A03-289	902	1A03-289	-=+unique+=-
LG	1A09-107	903	1A09-107	-=+unique+=-
LG	1A01-098	904	1A01-098	-=+unique+=-
LG	1A10-333<N>	905	1A10-333<N>	-=+unique+=-
LG	E33/M59-F-391	906	E33/M59-F-391	-=+unique+=-
LG	LE0250	907	LE0250	-=+unique+=-
LG	LE0200	908	LE0200	-=+unique+=-
LG	1A10-195b<N>	909	1A10-195b<N>	-=+unique+=-
LG	E35/M48-F-537	910	E35/M48-F-537	-=+unique+=-
LG	1A10-554<N>	911	1A10-554<N>	-=+unique+=-
LG	Dm5/8	912	Dm5/8	-=+unique+=-
LG	CLSX3769-1	913	CLSX3769-1	-=+unique+=-
LG	CLRX9010-5	914	CLRX9010-5	-=+master+=-
LG	Contig6708-7	914	CLRX9010-5	 -- dupl -- 
LG	1A12-053<N>	915	1A12-053<N>	-=+unique+=-
LG	1A03-072<N>	916	1A03-072<N>	-=+unique+=-
LG	M1120	917	M1120	-=+unique+=-
LG	E35/M49-F-070	918	E35/M49-F-070	-=+unique+=-
LG	1A06-213	919	1A06-213	-=+unique+=-
LG	E45/M48-F-180	920	E45/M48-F-180	-=+unique+=-
LG	1A17-253<N>	921	1A17-253<N>	-=+unique+=-
LG	E35/M60-F-134	922	E35/M60-F-134	-=+unique+=-
LG	E35/M48-F-206<N>	923	E35/M48-F-206<N>	-=+unique+=-
LG	1A10-270<N>	924	1A10-270<N>	-=+unique+=-
LG	E35/M60-F-188	925	E35/M60-F-188	-=+unique+=-
LG	LK0010	926	LK0010	-=+unique+=-
LG	LE0427	927	LE0427	-=+unique+=-
LG	LM0120	928	LM0120	-=+unique+=-
LG	LK1151	929	LK1151	-=+unique+=-
LG	Contig3224-3	930	Contig3224-3	-=+unique+=-
LG	Contig8409-1	931	Contig8409-1	-=+unique+=-
LG	LserNBS03-3	932	LserNBS03-3	-=+master+=-
LG	QGG8K23-11	932	LserNBS03-3	 -- dupl -- 
LG	CLSY4446-3	933	CLSY4446-3	-=+unique+=-
LG	CLSM741-1	934	CLSM741-1	-=+unique+=-
LG	LE0229	935	LE0229	-=+unique+=-
LG	LK0005	936	LK0005	-=+unique+=-
LG	1A02-314	937	1A02-314	-=+unique+=-
LG	E35/M48-F-053	938	E35/M48-F-053	-=+unique+=-
LG	1A20-191	939	1A20-191	-=+unique+=-
LG	E35/M59-F-116	940	E35/M59-F-116	-=+unique+=-
LG	1A06-198	941	1A06-198	-=+unique+=-
LG	1A37-560<N>	942	1A37-560<N>	-=+unique+=-
LG	QGF17I06-2	943	QGF17I06-2	-=+unique+=-
LG	E45/M49-F-081	944	E45/M49-F-081	-=+unique+=-
LG	E44/M48-F-297	945	E44/M48-F-297	-=+unique+=-
LG	E45/M48-F-073	946	E45/M48-F-073	-=+unique+=-
LG	1A06-189	947	1A06-189	-=+unique+=-
LG	LE0134C	948	LE0134C	-=+unique+=-
LG	LE0172	949	LE0172	-=+unique+=-
LG	LE0134A	950	LE0134A	-=+unique+=-
LG	LE0134E	951	LE0134E	-=+unique+=-
LG	1A15-066<N>	952	1A15-066<N>	-=+unique+=-
LG	1A04-169<N>	953	1A04-169<N>	-=+unique+=-
LG	E35/M49-F-154	954	E35/M49-F-154	-=+unique+=-
LG	E35/M49-F-353	955	E35/M49-F-353	-=+unique+=-
LG	LE0381	956	LE0381	-=+unique+=-
LG	LK1303	957	LK1303	-=+unique+=-
LG	E35/M48-F-317	958	E35/M48-F-317	-=+unique+=-
LG	E54/M48-F-124	959	E54/M48-F-124	-=+unique+=-
LG	CLRX8688-3	960	CLRX8688-3	-=+unique+=-
LG	LE3143	961	LE3143	-=+unique+=-
LG	Contig15606-4	962	Contig15606-4	-=+unique+=-
LG	LE3104	963	LE3104	-=+unique+=-
LG	Contig10397-2	964	Contig10397-2	-=+master+=-
LG	Contig9834-2	964	Contig10397-2	 -- dupl -- 
LG	LK1436	965	LK1436	-=+unique+=-
LG	LK1322	966	LK1322	-=+unique+=-
LG	LK1117	967	LK1117	-=+unique+=-
LG	Contig579-7	968	Contig579-7	-=+unique+=-
LG	LK1337	969	LK1337	-=+unique+=-
LG	Contig1828-7	970	Contig1828-7	-=+unique+=-
LG	LE0243	971	LE0243	-=+unique+=-
LG	1A01-121	972	1A01-121	-=+unique+=-
LG	LE0193	973	LE0193	-=+unique+=-
LG	LE3190	974	LE3190	-=+unique+=-
LG	LE6004	975	LE6004	-=+unique+=-
LG	LE3142	976	LE3142	-=+unique+=-
LG	QGF7C21-1	977	QGF7C21-1	-=+unique+=-
LG	Contig8398-1	978	Contig8398-1	-=+unique+=-
LG	LK1086	979	LK1086	-=+unique+=-
LG	E35/M49-F-356	980	E35/M49-F-356	-=+unique+=-
LG	LE1112	981	LE1112	-=+unique+=-
LG	LE0093	982	LE0093	-=+unique+=-
LG	LE1135	983	LE1135	-=+unique+=-
LG	1A38-073<N>	984	1A38-073<N>	-=+unique+=-
LG	1A02-246	985	1A02-246	-=+unique+=-
LG	LR0023	986	LR0023	-=+unique+=-
LG	1A01-139	987	1A01-139	-=+unique+=-
LG	LE1360	988	LE1360	-=+unique+=-
LG	CLRY2600-1	989	CLRY2600-1	-=+unique+=-
LG	Contig1736-1	990	Contig1736-1	-=+unique+=-
LG	LE3223	991	LE3223	-=+unique+=-
LG	LE0261	992	LE0261	-=+unique+=-
LG	E44/M48-F-114	993	E44/M48-F-114	-=+unique+=-
LG	LE4220	994	LE4220	-=+unique+=-
LG	M1730	995	M1730	-=+unique+=-
LG	LE00219	996	LE00219	-=+unique+=-
LG	L2222	997	L2222	-=+unique+=-
LG	LE3035	998	LE3035	-=+unique+=-
LG	1A15-442<N>	999	1A15-442<N>	-=+unique+=-
LG	LK1317	1000	LK1317	-=+unique+=-
LG	LE9212	1001	LE9212	-=+unique+=-
LG	QGC16i05-1	1002	QGC16i05-1	-=+unique+=-
LG	LK1140	1003	LK1140	-=+unique+=-
LG	1A06-141<N>	1004	1A06-141<N>	-=+unique+=-
LG	LE0334	1005	LE0334	-=+unique+=-
LG	E45/M48-F-297	1006	E45/M48-F-297	-=+unique+=-
LG	E35/M49-F-304	1007	E35/M49-F-304	-=+unique+=-
LG	1A15-368<N>	1008	1A15-368<N>	-=+unique+=-
LG	E35/M60-F-146	1009	E35/M60-F-146	-=+unique+=-
LG	E45/M48-F-052	1010	E45/M48-F-052	-=+unique+=-
LG	LE7032	1011	LE7032	-=+unique+=-
LG	CLSM3058-1	1012	CLSM3058-1	-=+master+=-
LG	Contig5128-1	1012	CLSM3058-1	 -- dupl -- 
LG	QGF24O17-1	1013	QGF24O17-1	-=+unique+=-
LG	1A12-507<N>	1014	1A12-507<N>	-=+unique+=-
LG	LE9002	1015	LE9002	-=+master+=-
LG	LK1333	1015	LE9002	 -- dupl -- 
LG	LE1176	1016	LE1176	-=+unique+=-
LG	E44/M49-F-250	1017	E44/M49-F-250	-=+unique+=-
LG	1A15-173<N>	1018	1A15-173<N>	-=+unique+=-
LG	LK1081	1019	LK1081	-=+unique+=-
LG	LE4121	1020	LE4121	-=+unique+=-
LG	LE1356	1021	LE1356	-=+unique+=-
LG	Contig1274-6	1022	Contig1274-6	-=+unique+=-
LG	LK1311	1023	LK1311	-=+unique+=-
LG	LE9008	1024	LE9008	-=+unique+=-
LG	LE3133	1025	LE3133	-=+unique+=-
LG	LK1097	1026	LK1097	-=+unique+=-
LG	LE0239	1027	LE0239	-=+unique+=-
LG	LE3017	1028	LE3017	-=+unique+=-
LG	LK1501	1029	LK1501	-=+unique+=-
LG	1A10-091	1030	1A10-091	-=+unique+=-
LG	LE0285	1031	LE0285	-=+unique+=-
LG	E35/M59-F-481	1032	E35/M59-F-481	-=+unique+=-
LG	LE9013	1033	LE9013	-=+unique+=-
LG	QGB24A18-2	1034	QGB24A18-2	-=+unique+=-
LG	LE0361	1035	LE0361	-=+unique+=-
LG	QGD8I16-3	1036	QGD8I16-3	-=+unique+=-
LG	1A10-053<N>	1037	1A10-053<N>	-=+unique+=-
LG	L1399	1038	L1399	-=+unique+=-
LG	LK1115	1039	LK1115	-=+unique+=-
LG	E33/M59-F-370	1040	E33/M59-F-370	-=+unique+=-
LG	M431	1041	M431	-=+unique+=-
LG	E33/M59-F-110	1042	E33/M59-F-110	-=+unique+=-
LG	LK1133	1043	LK1133	-=+unique+=-
LG	1A13-101<N>	1044	1A13-101<N>	-=+unique+=-
LG	LE3171	1045	LE3171	-=+unique+=-
LG	1A01-184	1046	1A01-184	-=+unique+=-
LG	LE4132	1047	LE4132	-=+unique+=-
LG	Contig12147-1	1048	Contig12147-1	-=+unique+=-
LG	LE7027	1049	LE7027	-=+unique+=-
LG	LE0310	1050	LE0310	-=+master+=-
LG	LE0329	1050	LE0310	 -- dupl -- 
LG	Contig9182-1	1051	Contig9182-1	-=+unique+=-
LG	Contig7961-2	1052	Contig7961-2	-=+unique+=-
LG	LE0478	1053	LE0478	-=+unique+=-
LG	E35/M48-F-055	1054	E35/M48-F-055	-=+unique+=-
LG	LE7020	1055	LE7020	-=+unique+=-
LG	LE4209	1056	LE4209	-=+unique+=-
LG	LE3129	1057	LE3129	-=+unique+=-
LG	E44/M48-F-262	1058	E44/M48-F-262	-=+unique+=-
LG	1A20-118	1059	1A20-118	-=+unique+=-
LG	LE0320	1060	LE0320	-=+unique+=-
LG	LM0078	1061	LM0078	-=+unique+=-
LG	LM0070	1062	LM0070	-=+unique+=-
LG	LR0014	1063	LR0014	-=+unique+=-
LG	LM0061	1064	LM0061	-=+unique+=-
LG	LM0073	1065	LM0073	-=+master+=-
LG	LM0157	1065	LM0073	 -- dupl -- 
LG	LM0094	1066	LM0094	-=+unique+=-
LG	LM0080	1067	LM0080	-=+unique+=-
LG	LM0095	1068	LM0095	-=+unique+=-
LG	LM0045	1069	LM0045	-=+unique+=-
LG	LM0039	1070	LM0039	-=+unique+=-
LG	LM0007	1071	LM0007	-=+unique+=-
LG	E33/M59-F-140	1072	E33/M59-F-140	-=+unique+=-
LG	QGG8K08-13	1073	QGG8K08-13	-=+unique+=-
LG	CLSY483-4	1074	CLSY483-4	-=+unique+=-
LG	E33/M59-F-104<N>	1075	E33/M59-F-104<N>	-=+unique+=-
LG	E35/M59-F-120<N>	1076	E35/M59-F-120<N>	-=+unique+=-
LG	LE1178	1077	LE1178	-=+unique+=-
LG	E35/M59-F-281	1078	E35/M59-F-281	-=+unique+=-
LG	1A12-128<N>	1079	1A12-128<N>	-=+unique+=-
LG	Contig2706-2	1080	Contig2706-2	-=+unique+=-
LG	Contig2010-3	1081	Contig2010-3	-=+unique+=-
LG	1A01-295	1082	1A01-295	-=+unique+=-
LG	1A17-382<N>	1083	1A17-382<N>	-=+unique+=-
LG	LK1473_850	1084	LK1473_850	-=+unique+=-
LG	1A18-158<N>	1085	1A18-158<N>	-=+unique+=-
LG	E33/M59-F-194	1086	E33/M59-F-194	-=+unique+=-
LG	E35/M60-F-229	1087	E35/M60-F-229	-=+unique+=-
LG	LE0282	1088	LE0282	-=+unique+=-
LG	Contig11849-1	1089	Contig11849-1	-=+unique+=-
LG	Contig11722-3	1090	Contig11722-3	-=+unique+=-
LG	LE3163	1091	LE3163	-=+unique+=-
LG	LE3162	1092	LE3162	-=+unique+=-
LG	1A18-127<N>	1093	1A18-127<N>	-=+unique+=-
LG	1A20-141	1094	1A20-141	-=+unique+=-
LG	E44/M49-F-212	1095	E44/M49-F-212	-=+unique+=-
LG	LE3105	1096	LE3105	-=+unique+=-
LG	LE1201	1097	LE1201	-=+unique+=-
LG	1A20-165	1098	1A20-165	-=+unique+=-
LG	E35/M59-F-198	1099	E35/M59-F-198	-=+unique+=-
LG	E33/M59-F-212	1100	E33/M59-F-212	-=+unique+=-
LG	E35/M60-F-282<N>	1101	E35/M60-F-282<N>	-=+unique+=-
LG	E35/M48-F-202<N>	1102	E35/M48-F-202<N>	-=+unique+=-
LG	Contig13459-1	1103	Contig13459-1	-=+unique+=-
LG	E38/M54-F-296	1104	E38/M54-F-296	-=+unique+=-
LG	1A12-305<N>	1105	1A12-305<N>	-=+unique+=-
LG	E45/M48-F-159	1106	E45/M48-F-159	-=+unique+=-
LG	1A20-230	1107	1A20-230	-=+unique+=-
LG	Contig12280-1	1108	Contig12280-1	-=+master+=-
LG	Contig4305-1	1108	Contig12280-1	 -- dupl -- 
LG	QGB4D05-1	1108	Contig12280-1	 -- dupl -- 
LG	Contig15257-1	1108	Contig12280-1	 -- dupl -- 
LG	LE0369	1109	LE0369	-=+unique+=-
LG	1A08-387	1110	1A08-387	-=+unique+=-
LG	1A12-481<N>	1111	1A12-481<N>	-=+unique+=-
LG	M2371	1112	M2371	-=+unique+=-
LG	1A09-159	1113	1A09-159	-=+unique+=-
LG	E35/M59-F-100	1114	E35/M59-F-100	-=+unique+=-
LG	1A01-203	1115	1A01-203	-=+unique+=-
LG	1A06-267	1116	1A06-267	-=+unique+=-
LG	LE0083	1117	LE0083	-=+unique+=-
LG	LE3103	1118	LE3103	-=+unique+=-
LG	LE0084	1119	LE0084	-=+unique+=-
LG	E35/M59-F-178	1120	E35/M59-F-178	-=+unique+=-
LG	E44/M48-F-145<N>	1121	E44/M48-F-145<N>	-=+unique+=-
LG	1A04-282	1122	1A04-282	-=+unique+=-
LG	1A13-208<N>	1123	1A13-208<N>	-=+unique+=-
LG	E35/M60-F-209	1124	E35/M60-F-209	-=+unique+=-
LG	Contig15192-1	1125	Contig15192-1	-=+master+=-
LG	QGJ7D09-6	1125	Contig15192-1	 -- dupl -- 
LG	LE3055	1126	LE3055	-=+unique+=-
LG	LE3114	1127	LE3114	-=+unique+=-
LG	E44/M48-F-395	1128	E44/M48-F-395	-=+unique+=-
LG	E35/M49-F-369<N>	1129	E35/M49-F-369<N>	-=+unique+=-
LG	E35/M59-F-433<N>	1130	E35/M59-F-433<N>	-=+unique+=-
LG	LE0494B	1131	LE0494B	-=+unique+=-
LG	1A03-172	1132	1A03-172	-=+unique+=-
LG	1A04-222	1133	1A04-222	-=+unique+=-
LG	E35/M59-F-197	1134	E35/M59-F-197	-=+unique+=-
LG	1A10-186<N>	1135	1A10-186<N>	-=+unique+=-
LG	1A06-229	1136	1A06-229	-=+unique+=-
LG	E44/M49-F-050<N>	1137	E44/M49-F-050<N>	-=+unique+=-
LG	E35/M59-F-313	1138	E35/M59-F-313	-=+unique+=-
LG	E45/M48-F-118	1139	E45/M48-F-118	-=+unique+=-
LG	1A17-184<N>	1140	1A17-184<N>	-=+unique+=-
LG	E45/M49-F-365	1141	E45/M49-F-365	-=+unique+=-
LG	E45/M49-F-181	1142	E45/M49-F-181	-=+unique+=-
LG	Contig1356-2	1143	Contig1356-2	-=+unique+=-
LG	LK1069	1144	LK1069	-=+unique+=-
LG	LE0114	1145	LE0114	-=+unique+=-
LG	1A02-046a<N>	1146	1A02-046a<N>	-=+unique+=-
LG	E44/M48-F-568	1147	E44/M48-F-568	-=+unique+=-
LG	1A06-109	1148	1A06-109	-=+unique+=-
LG	1A04-252	1149	1A04-252	-=+unique+=-
LG	1A18-230<N>	1150	1A18-230<N>	-=+unique+=-
LG	1A18-239<N>	1151	1A18-239<N>	-=+unique+=-
LG	LK1473_400	1152	LK1473_400	-=+unique+=-
LG	E45/M49-F-146<N>	1153	E45/M49-F-146<N>	-=+unique+=-
LG	E35/M48-F-487<N>	1154	E35/M48-F-487<N>	-=+unique+=-
LG	1A12-126<N>	1155	1A12-126<N>	-=+unique+=-
LG	E33/M59-F-345	1156	E33/M59-F-345	-=+unique+=-
LG	1A12-399<N>	1157	1A12-399<N>	-=+unique+=-
LG	E35/M60-F-224	1158	E35/M60-F-224	-=+unique+=-
LG	E51/M49-F-295	1159	E51/M49-F-295	-=+unique+=-
LG	E45/M48-F-127	1160	E45/M48-F-127	-=+unique+=-
LG	1A10-106	1161	1A10-106	-=+unique+=-
LG	E35/M49-F-463	1162	E35/M49-F-463	-=+unique+=-
LG	E33/M59-F-176	1163	E33/M59-F-176	-=+unique+=-
LG	E35/M48-F-289<N>	1164	E35/M48-F-289<N>	-=+unique+=-
LG	LE9251	1165	LE9251	-=+unique+=-
LG	1A10-508	1166	1A10-508	-=+unique+=-
LG	LE0030	1167	LE0030	-=+unique+=-
LG	E38/M54-F-165<N>	1168	E38/M54-F-165<N>	-=+unique+=-
LG	LE3113	1169	LE3113	-=+unique+=-
LG	LE3107	1170	LE3107	-=+unique+=-
LG	LE3106	1171	LE3106	-=+unique+=-
LG	E38/M54-F-069	1172	E38/M54-F-069	-=+unique+=-
LG	1A09-136	1173	1A09-136	-=+unique+=-
LG	1A10-433<N>	1174	1A10-433<N>	-=+unique+=-
LG	LE0356	1175	LE0356	-=+unique+=-
LG	Contig2221-1	1176	Contig2221-1	-=+unique+=-
LG	1A10-066	1177	1A10-066	-=+unique+=-
LG	E44/M48-F-288	1178	E44/M48-F-288	-=+unique+=-
LG	E35/M60-F-135	1179	E35/M60-F-135	-=+unique+=-
LG	1A12-084<N>	1180	1A12-084<N>	-=+unique+=-
LG	LE3224	1181	LE3224	-=+unique+=-
LG	Contig13487-2	1182	Contig13487-2	-=+unique+=-
LG	1A02-304	1183	1A02-304	-=+unique+=-
LG	E33/M59-F-403	1184	E33/M59-F-403	-=+unique+=-
LG	1A18-123<N>	1185	1A18-123<N>	-=+unique+=-
LG	LE9048	1186	LE9048	-=+unique+=-
LG	1A03-075<N>	1187	1A03-075<N>	-=+unique+=-
LG	E35/M48-F-244<N>	1188	E35/M48-F-244<N>	-=+unique+=-
LG	E35/M48-F-562	1189	E35/M48-F-562	-=+unique+=-
LG	1A17-222<N>	1190	1A17-222<N>	-=+unique+=-
LG	E35/M60-F-203	1191	E35/M60-F-203	-=+unique+=-
LG	E33/M59-F-130	1192	E33/M59-F-130	-=+unique+=-
LG	E35/M49-F-122	1193	E35/M49-F-122	-=+unique+=-
LG	E35/M60-F-142<N>	1194	E35/M60-F-142<N>	-=+unique+=-
LG	1A06-206	1195	1A06-206	-=+unique+=-
LG	1A09-224	1196	1A09-224	-=+unique+=-
LG	E35/M48-F-071<N>	1197	E35/M48-F-071<N>	-=+unique+=-
LG	QGE15d14-1	1198	QGE15d14-1	-=+unique+=-
LG	LE0091	1199	LE0091	-=+unique+=-
LG	Contig2939-1	1200	Contig2939-1	-=+unique+=-
LG	Contig826-2	1201	Contig826-2	-=+unique+=-
LG	LE9023	1202	LE9023	-=+unique+=-
LG	1A04-133<N>	1203	1A04-133<N>	-=+unique+=-
LG	1A15-154<N>	1204	1A15-154<N>	-=+unique+=-
LG	E44/M49-F-549<N>	1205	E44/M49-F-549<N>	-=+unique+=-
LG	E35/M48-F-079<N>	1206	E35/M48-F-079<N>	-=+unique+=-
LG	E45/M48-F-129<N>	1207	E45/M48-F-129<N>	-=+unique+=-
LG	E33/M59-F-290	1208	E33/M59-F-290	-=+unique+=-
LG	LE9015	1209	LE9015	-=+unique+=-
LG	1A04-122	1210	1A04-122	-=+unique+=-
LG	E45/M48-F-085	1211	E45/M48-F-085	-=+unique+=-
LG	E44/M49-F-232	1212	E44/M49-F-232	-=+unique+=-
LG	E44/M49-F-063	1213	E44/M49-F-063	-=+unique+=-
LG	LE1149	1214	LE1149	-=+unique+=-
LG	LE0352	1215	LE0352	-=+unique+=-
LG	E38/M54-F-044	1216	E38/M54-F-044	-=+unique+=-
LG	LK1343	1217	LK1343	-=+unique+=-
LG	CLSM14192-2	1218	CLSM14192-2	-=+unique+=-
LG	Contig5257-1	1219	Contig5257-1	-=+unique+=-
LG	CLRY8019-1	1220	CLRY8019-1	-=+unique+=-
LG	M1553	1221	M1553	-=+unique+=-
LG	LE4085	1222	LE4085	-=+unique+=-
LG	E38/M54-F-125	1223	E38/M54-F-125	-=+unique+=-
LG	E38/M54-F-252	1224	E38/M54-F-252	-=+unique+=-
LG	1A09-356<N>	1225	1A09-356<N>	-=+unique+=-
LG	E35/M59-F-258	1226	E35/M59-F-258	-=+unique+=-
LG	LE4025	1227	LE4025	-=+unique+=-
LG	QGC5D13-1	1228	QGC5D13-1	-=+unique+=-
LG	1A01-225	1229	1A01-225	-=+unique+=-
LG	1A17-225<N>	1230	1A17-225<N>	-=+unique+=-
LG	LE0426	1231	LE0426	-=+unique+=-
LG	L2283	1232	L2283	-=+unique+=-
LG	E44/M48-F-292	1233	E44/M48-F-292	-=+unique+=-
LG	LE0159	1234	LE0159	-=+unique+=-
LG	E35/M59-F-210	1235	E35/M59-F-210	-=+unique+=-
LG	E38/M54-F-272	1236	E38/M54-F-272	-=+unique+=-
LG	1A17-131<N>	1237	1A17-131<N>	-=+unique+=-
LG	1A15-242	1238	1A15-242	-=+unique+=-
LG	LE4087	1239	LE4087	-=+unique+=-
LG	E38/M54-F-048<N>	1240	E38/M54-F-048<N>	-=+unique+=-
LG	LE1236	1241	LE1236	-=+unique+=-
LG	LE7010	1242	LE7010	-=+unique+=-
LG	LE1158	1243	LE1158	-=+unique+=-
LG	LE3238	1244	LE3238	-=+unique+=-
LG	LE1159	1245	LE1159	-=+unique+=-
LG	1A09-212	1246	1A09-212	-=+unique+=-
LG	LE0483	1247	LE0483	-=+unique+=-
LG	L2223	1248	L2223	-=+unique+=-
LG	1A08-406	1249	1A08-406	-=+unique+=-
LG	E44/M48-F-400	1250	E44/M48-F-400	-=+unique+=-
LG	M5752	1251	M5752	-=+unique+=-
LG	Contig4740-1	1252	Contig4740-1	-=+unique+=-
LG	LE1265	1253	LE1265	-=+unique+=-
LG	1A10-386<N>	1254	1A10-386<N>	-=+unique+=-
LG	1A09-061<N>	1255	1A09-061<N>	-=+unique+=-
LG	E33/M59-F-492	1256	E33/M59-F-492	-=+unique+=-
LG	LK1006	1257	LK1006	-=+unique+=-
LG	1A10-120<N>	1258	1A10-120<N>	-=+unique+=-
LG	LK1157	1259	LK1157	-=+unique+=-
LG	LK1221	1260	LK1221	-=+unique+=-
LG	LE1375	1261	LE1375	-=+unique+=-
LG	LE1322	1262	LE1322	-=+master+=-
LG	LE1374	1262	LE1322	 -- dupl -- 
LG	LE1332	1262	LE1322	 -- dupl -- 
LG	Contig15049-1	1263	Contig15049-1	-=+unique+=-
LG	LE3196	1264	LE3196	-=+unique+=-
LG	LE0354	1265	LE0354	-=+master+=-
LG	LE3178	1265	LE0354	 -- dupl -- 
LG	E44/M48-F-223	1266	E44/M48-F-223	-=+unique+=-
LG	LE0305	1267	LE0305	-=+unique+=-
LG	Contig6776-1	1268	Contig6776-1	-=+unique+=-
LG	Contig2674-1	1269	Contig2674-1	-=+unique+=-
LG	1A10-057<N>	1270	1A10-057<N>	-=+unique+=-
LG	1A10-117<N>	1271	1A10-117<N>	-=+unique+=-
LG	1A01-381	1272	1A01-381	-=+unique+=-
LG	LK1091	1273	LK1091	-=+unique+=-
LG	LE7002	1274	LE7002	-=+unique+=-
LG	LE0264	1275	LE0264	-=+unique+=-
LG	E44/M48-F-167	1276	E44/M48-F-167	-=+unique+=-
LG	LM0146	1277	LM0146	-=+unique+=-
LG	E44/M48-F-180	1278	E44/M48-F-180	-=+unique+=-
LG	LE3070	1279	LE3070	-=+unique+=-
LG	1A21-233	1280	1A21-233	-=+unique+=-
LG	E35/M59-F-212<N>	1281	E35/M59-F-212<N>	-=+unique+=-
LG	LE4019	1282	LE4019	-=+unique+=-
LG	LK1412	1283	LK1412	-=+unique+=-
LG	LE0190	1284	LE0190	-=+unique+=-
LG	LK1397	1285	LK1397	-=+unique+=-
LG	CLS_S3_Contig7171-1	1286	CLS_S3_Contig7171-1	-=+unique+=-
LG	LE9019	1287	LE9019	-=+unique+=-
LG	E44/M49-F-447	1288	E44/M49-F-447	-=+unique+=-
LG	LE9018	1289	LE9018	-=+unique+=-
LG	QGF25M24-1	1290	QGF25M24-1	-=+unique+=-
LG	LE1129	1291	LE1129	-=+unique+=-
LG	Contig13025-1	1292	Contig13025-1	-=+unique+=-
LG	1A01-192	1293	1A01-192	-=+unique+=-
LG	1A21-482	1294	1A21-482	-=+unique+=-
LG	E44/M49-F-151	1295	E44/M49-F-151	-=+unique+=-
LG	LE1120	1296	LE1120	-=+unique+=-
LG	LE0463	1297	LE0463	-=+unique+=-
LG	LE4201	1298	LE4201	-=+unique+=-
LG	E35/M60-F-114	1299	E35/M60-F-114	-=+unique+=-
LG	LK1425	1300	LK1425	-=+unique+=-
LG	LK1426	1301	LK1426	-=+unique+=-
LG	LK1513	1302	LK1513	-=+unique+=-
LG	E51/M49-F-323	1303	E51/M49-F-323	-=+unique+=-
LG	E33/M59-F-395	1304	E33/M59-F-395	-=+unique+=-
LG	E54/M48-F-145	1305	E54/M48-F-145	-=+unique+=-
LG	1A20-145	1306	1A20-145	-=+unique+=-
LG	Contig15074-2	1307	Contig15074-2	-=+unique+=-
LG	Contig13351-1	1308	Contig13351-1	-=+master+=-
LG	Contig2031-1	1308	Contig13351-1	 -- dupl -- 
LG	1A03-242	1309	1A03-242	-=+unique+=-
LG	1A09-358	1310	1A09-358	-=+unique+=-
LG	1A18-060<N>	1311	1A18-060<N>	-=+unique+=-
LG	CLSM11140-1	1312	CLSM11140-1	-=+unique+=-
LG	E44/M49-F-185	1313	E44/M49-F-185	-=+unique+=-
LG	E44/M48-F-328	1314	E44/M48-F-328	-=+unique+=-
LG	1A04-131<N>	1315	1A04-131<N>	-=+unique+=-
LG	LE3179	1316	LE3179	-=+unique+=-
LG	LE3180	1317	LE3180	-=+unique+=-
LG	LE1105	1318	LE1105	-=+unique+=-
LG	Contig2349-1	1319	Contig2349-1	-=+unique+=-
LG	LE0024	1320	LE0024	-=+unique+=-
LG	E33/M59-F-097	1321	E33/M59-F-097	-=+unique+=-
LG	E35/M49-F-590	1322	E35/M49-F-590	-=+unique+=-
LG	1A13-163<N>	1323	1A13-163<N>	-=+unique+=-
LG	1A03-118	1324	1A03-118	-=+unique+=-
LG	1A10-250	1325	1A10-250	-=+unique+=-
LG	E44/M48-F-247	1326	E44/M48-F-247	-=+unique+=-
LG	E51/M49-F-196	1327	E51/M49-F-196	-=+unique+=-
LG	1A20-138	1328	1A20-138	-=+unique+=-
LG	1A10-181<N>	1329	1A10-181<N>	-=+unique+=-
LG	E35/M59-F-101	1330	E35/M59-F-101	-=+unique+=-
LG	E38/M54-F-226	1331	E38/M54-F-226	-=+unique+=-
LG	E51/M49-F-078	1332	E51/M49-F-078	-=+unique+=-
LG	E33/M59-F-146	1333	E33/M59-F-146	-=+unique+=-
LG	1A18-139<N>	1334	1A18-139<N>	-=+unique+=-
LG	LE9022	1335	LE9022	-=+unique+=-
LG	E45/M48-F-314	1336	E45/M48-F-314	-=+unique+=-
LG	E35/M49-F-140	1337	E35/M49-F-140	-=+unique+=-
LG	LE0157	1338	LE0157	-=+unique+=-
LG	1A15-247<N>	1339	1A15-247<N>	-=+unique+=-
LG	1A03-279	1340	1A03-279	-=+unique+=-
LG	E44/M48-F-084	1341	E44/M48-F-084	-=+unique+=-
LG	QGG13J02-3	1342	QGG13J02-3	-=+unique+=-
LG	LE3132	1343	LE3132	-=+unique+=-
LG	LE3131	1344	LE3131	-=+unique+=-
LG	LE0272	1345	LE0272	-=+unique+=-
LG	LE3164	1346	LE3164	-=+unique+=-
LG	LE3064	1347	LE3064	-=+unique+=-
LG	E35/M59-F-429	1348	E35/M59-F-429	-=+unique+=-
LG	1A02-076	1349	1A02-076	-=+unique+=-
LG	E38/M54-F-129	1350	E38/M54-F-129	-=+unique+=-
LG	QGJ17A06-1	1351	QGJ17A06-1	-=+unique+=-
LG	Contig6006-1	1352	Contig6006-1	-=+unique+=-
LG	E44/M48-F-134	1353	E44/M48-F-134	-=+unique+=-
LG	LE0137	1354	LE0137	-=+unique+=-
LG	E44/M48-F-133	1355	E44/M48-F-133	-=+unique+=-
LG	1A18-141<N>	1356	1A18-141<N>	-=+unique+=-
LG	E44/M48-F-358	1357	E44/M48-F-358	-=+unique+=-
LG	LK1540	1358	LK1540	-=+unique+=-
LG	E35/M49-F-089	1359	E35/M49-F-089	-=+unique+=-
LG	E44/M48-F-300	1360	E44/M48-F-300	-=+unique+=-
LG	E35/M49-F-060	1361	E35/M49-F-060	-=+unique+=-
LG	M4241	1362	M4241	-=+unique+=-
LG	E35/M48-F-204	1363	E35/M48-F-204	-=+unique+=-
LG	LE1331	1364	LE1331	-=+unique+=-
LG	LE3050	1365	LE3050	-=+unique+=-
LG	QGC12P16-4	1366	QGC12P16-4	-=+unique+=-
LG	LK1548	1367	LK1548	-=+unique+=-
LG	E51/M49-F-227	1368	E51/M49-F-227	-=+unique+=-
LG	1A02-046b<N>	1369	1A02-046b<N>	-=+unique+=-
LG	E38/M54-F-304	1370	E38/M54-F-304	-=+unique+=-
LG	1A03-373	1371	1A03-373	-=+unique+=-
LG	LE1140	1372	LE1140	-=+unique+=-
LG	LK1557	1373	LK1557	-=+unique+=-
LG	LE3082	1374	LE3082	-=+unique+=-
LG	LE3262	1375	LE3262	-=+unique+=-
LG	E44/M49-F-248	1376	E44/M49-F-248	-=+unique+=-
LG	LK1504	1377	LK1504	-=+unique+=-
LG	1A06-048<N>	1378	1A06-048<N>	-=+unique+=-
LG	LE3167	1379	LE3167	-=+unique+=-
LG	LE1062	1380	LE1062	-=+unique+=-
LG	1A12-257<N>	1381	1A12-257<N>	-=+unique+=-
LG	E45/M48-F-146	1382	E45/M48-F-146	-=+unique+=-
LG	E35/M49-F-111	1383	E35/M49-F-111	-=+unique+=-
LG	LE3120	1384	LE3120	-=+unique+=-
LG	E45/M48-F-317<N>	1385	E45/M48-F-317<N>	-=+unique+=-
LG	1A01-136	1386	1A01-136	-=+unique+=-
LG	QGH3F04-2	1387	QGH3F04-2	-=+unique+=-
LG	1A01-247	1388	1A01-247	-=+unique+=-
LG	LE1352	1389	LE1352	-=+unique+=-
LG	LE3199	1390	LE3199	-=+unique+=-
